<?xml version="1.0" encoding="UTF-8"?>
<!-- Generated by org.testng.reporters.JUnitReportReporter -->
<testsuite hostname="DESKTOP-B90IEV3" failures="0" tests="1" name="base.ExecutionClass" time="0.014" errors="0" timestamp="2021-02-08T13:18:55 EST" skipped="0">
  <testcase classname="base.ExecutionClass" name="FindLongestWord" time="0.014"/>
  <system-out/>
</testsuite> <!-- base.ExecutionClass -->
